<?xml version="1.0" encoding="UTF-8"?>
<!-- Generated by org.testng.reporters.JUnitXMLReporter -->
<testsuite hostname="LAPTOP-N5230FF1" failures="0" tests="4" name="Test" time="0.029" errors="0" timestamp="23 Dec 2018 06:09:38 GMT">
  <testcase classname="com.practice.testPackage.TestNGPractice12232019" name="testMethod2" time="0.004"/>
  <testcase classname="com.practice.testPackage.TestNGPractice12232021" name="testMethod4" time="0.001"/>
  <testcase classname="com.practice.testPackage.TestNGPractice12232020" name="testMethod3" time="0.001"/>
  <testcase classname="com.practice.testPackage.TestNGPractice12232018" name="testMethod1" time="0.001"/>
</testsuite> <!-- Test -->
