<?xml version="1.0" encoding="UTF-8"?>
<testng-results total="2" passed="2" failed="0" skipped="0">
  <reporter-output>
  </reporter-output>
  <suite started-at="2018-12-23T07:15:57Z" name="TestingOf4Suites" finished-at="2018-12-23T07:15:57Z" duration-ms="0">
    <groups>
    </groups>
  </suite> <!-- TestingOf4Suites -->
  <suite started-at="2018-12-23T07:15:57Z" name="skSuite1" finished-at="2018-12-23T07:15:57Z" duration-ms="4">
    <groups>
    </groups>
    <test started-at="2018-12-23T07:15:57Z" name="skTest1" finished-at="2018-12-23T07:15:57Z" duration-ms="4">
      <class name="com.practice.testPackage.TestNGPractice122320181">
        <test-method is-config="true" signature="beforeMethod()[pri:0, instance:com.practice.testPackage.TestNGPractice122320181@3d90eeb3]" started-at="2018-12-23T12:45:57Z" name="beforeMethod" finished-at="2018-12-23T12:45:57Z" duration-ms="12" status="PASS">
          <reporter-output>
          </reporter-output>
        </test-method> <!-- beforeMethod -->
        <test-method signature="testMethod1()[pri:0, instance:com.practice.testPackage.TestNGPractice122320181@3d90eeb3]" started-at="2018-12-23T12:45:57Z" name="testMethod1" finished-at="2018-12-23T12:45:57Z" duration-ms="9" status="PASS">
          <reporter-output>
          </reporter-output>
        </test-method> <!-- testMethod1 -->
        <test-method is-config="true" signature="afterMethod()[pri:0, instance:com.practice.testPackage.TestNGPractice122320181@3d90eeb3]" started-at="2018-12-23T12:45:57Z" name="afterMethod" finished-at="2018-12-23T12:45:57Z" duration-ms="0" status="PASS">
          <reporter-output>
          </reporter-output>
        </test-method> <!-- afterMethod -->
        <test-method signature="testMethod1()[pri:0, instance:com.practice.testPackage.TestNGPractice122320181@3d90eeb3]" started-at="2018-12-23T12:45:57Z" name="testMethod1" finished-at="2018-12-23T12:45:57Z" duration-ms="1" status="PASS">
          <reporter-output>
          </reporter-output>
        </test-method> <!-- testMethod1 -->
        <test-method is-config="true" signature="beforeMethod()[pri:0, instance:com.practice.testPackage.TestNGPractice122320181@3d90eeb3]" started-at="2018-12-23T12:45:57Z" name="beforeMethod" finished-at="2018-12-23T12:45:57Z" duration-ms="0" status="PASS">
          <reporter-output>
          </reporter-output>
        </test-method> <!-- beforeMethod -->
        <test-method is-config="true" signature="afterMethod()[pri:0, instance:com.practice.testPackage.TestNGPractice122320181@3d90eeb3]" started-at="2018-12-23T12:45:57Z" name="afterMethod" finished-at="2018-12-23T12:45:57Z" duration-ms="0" status="PASS">
          <reporter-output>
          </reporter-output>
        </test-method> <!-- afterMethod -->
      </class> <!-- com.practice.testPackage.TestNGPractice122320181 -->
    </test> <!-- skTest1 -->
  </suite> <!-- skSuite1 -->
</testng-results>
